Nup145c combined_c1 average centroid distance 1.40540005902
Nup145c combined_c1 centroid index 3
Nup145c combined_c1 centroid rmf name ('combined_c1/22.rmf3', 0)
Nup145c combined_c1 combined_c1 average pairwise distance 1.60510235824
All combined_c1 average centroid distance 8.37035069415
All combined_c1 centroid index 1
All combined_c1 centroid rmf name ('combined_c1/13.rmf3', 0)
All combined_c1 combined_c1 average pairwise distance 9.87669143629
Nup120 combined_c1 average centroid distance 3.35397044223
Nup120 combined_c1 centroid index 0
Nup120 combined_c1 centroid rmf name ('combined_c1/0.rmf3', 0)
Nup120 combined_c1 combined_c1 average pairwise distance 3.64431601372
Hub combined_c1 average centroid distance 4.27714826743
Hub combined_c1 centroid index 1
Hub combined_c1 centroid rmf name ('combined_c1/13.rmf3', 0)
Hub combined_c1 combined_c1 average pairwise distance 5.07311573305
Seh1 combined_c1 average centroid distance 0.420803203296
Seh1 combined_c1 centroid index 0
Seh1 combined_c1 centroid rmf name ('combined_c1/0.rmf3', 0)
Seh1 combined_c1 combined_c1 average pairwise distance 0.516055428227
Nup133 combined_c1 average centroid distance 3.45956229754
Nup133 combined_c1 centroid index 2
Nup133 combined_c1 centroid rmf name ('combined_c1/18.rmf3', 0)
Nup133 combined_c1 combined_c1 average pairwise distance 3.77600231417
Sec13 combined_c1 average centroid distance 0.716816008978
Sec13 combined_c1 centroid index 2
Sec13 combined_c1 centroid rmf name ('combined_c1/18.rmf3', 0)
Sec13 combined_c1 combined_c1 average pairwise distance 0.861836080199
Nup84 combined_c1 average centroid distance 0.691151411775
Nup84 combined_c1 centroid index 1
Nup84 combined_c1 centroid rmf name ('combined_c1/13.rmf3', 0)
Nup84 combined_c1 combined_c1 average pairwise distance 0.870996268411
Nup85 combined_c1 average centroid distance 4.19963788735
Nup85 combined_c1 centroid index 1
Nup85 combined_c1 centroid rmf name ('combined_c1/13.rmf3', 0)
Nup85 combined_c1 combined_c1 average pairwise distance 5.50970538027
