Nup145c rep0_c0 average centroid distance 2.12005784633
Nup145c rep0_c0 centroid index 12
Nup145c rep0_c0 centroid rmf name ('rep0_c0/63.rmf3', 0)
Nup145c rep0_c0 rep0_c0 average pairwise distance 2.3635556491
All rep0_c0 average centroid distance 9.82100795142
All rep0_c0 centroid index 4
All rep0_c0 centroid rmf name ('rep0_c0/27.rmf3', 0)
All rep0_c0 rep0_c0 average pairwise distance 11.0206699461
Nup120 rep0_c0 average centroid distance 4.51734617357
Nup120 rep0_c0 centroid index 12
Nup120 rep0_c0 centroid rmf name ('rep0_c0/63.rmf3', 0)
Nup120 rep0_c0 rep0_c0 average pairwise distance 5.47805427553
Hub rep0_c0 average centroid distance 6.45364930417
Hub rep0_c0 centroid index 10
Hub rep0_c0 centroid rmf name ('rep0_c0/54.rmf3', 0)
Hub rep0_c0 rep0_c0 average pairwise distance 7.13183730231
Seh1 rep0_c0 average centroid distance 0.741313472797
Seh1 rep0_c0 centroid index 4
Seh1 rep0_c0 centroid rmf name ('rep0_c0/27.rmf3', 0)
Seh1 rep0_c0 rep0_c0 average pairwise distance 0.871214977211
Nup133 rep0_c0 average centroid distance 3.5906050304
Nup133 rep0_c0 centroid index 3
Nup133 rep0_c0 centroid rmf name ('rep0_c0/22.rmf3', 0)
Nup133 rep0_c0 rep0_c0 average pairwise distance 4.77570141041
Sec13 rep0_c0 average centroid distance 0.937470901337
Sec13 rep0_c0 centroid index 10
Sec13 rep0_c0 centroid rmf name ('rep0_c0/54.rmf3', 0)
Sec13 rep0_c0 rep0_c0 average pairwise distance 1.13278504195
Nup84 rep0_c0 average centroid distance 1.0677282658
Nup84 rep0_c0 centroid index 5
Nup84 rep0_c0 centroid rmf name ('rep0_c0/31.rmf3', 0)
Nup84 rep0_c0 rep0_c0 average pairwise distance 1.19707529924
Nup85 rep0_c0 average centroid distance 3.86833583849
Nup85 rep0_c0 centroid index 5
Nup85 rep0_c0 centroid rmf name ('rep0_c0/31.rmf3', 0)
Nup85 rep0_c0 rep0_c0 average pairwise distance 4.63615300182
