Nup145c rep1_c1 average centroid distance 1.76550023363
Nup145c rep1_c1 centroid index 3
Nup145c rep1_c1 centroid rmf name ('rep1_c1/22.rmf3', 0)
Nup145c rep1_c1 rep1_c1 average pairwise distance 2.0975648958
All rep1_c1 average centroid distance 8.65207475941
All rep1_c1 centroid index 3
All rep1_c1 centroid rmf name ('rep1_c1/22.rmf3', 0)
All rep1_c1 rep1_c1 average pairwise distance 10.1179267247
Nup120 rep1_c1 average centroid distance 2.82125192802
Nup120 rep1_c1 centroid index 4
Nup120 rep1_c1 centroid rmf name ('rep1_c1/27.rmf3', 0)
Nup120 rep1_c1 rep1_c1 average pairwise distance 3.75740208368
Hub rep1_c1 average centroid distance 4.52479752501
Hub rep1_c1 centroid index 6
Hub rep1_c1 centroid rmf name ('rep1_c1/36.rmf3', 0)
Hub rep1_c1 rep1_c1 average pairwise distance 5.23104079223
Seh1 rep1_c1 average centroid distance 0.830995011938
Seh1 rep1_c1 centroid index 6
Seh1 rep1_c1 centroid rmf name ('rep1_c1/36.rmf3', 0)
Seh1 rep1_c1 rep1_c1 average pairwise distance 1.03237849816
Nup133 rep1_c1 average centroid distance 3.6314004611
Nup133 rep1_c1 centroid index 4
Nup133 rep1_c1 centroid rmf name ('rep1_c1/27.rmf3', 0)
Nup133 rep1_c1 rep1_c1 average pairwise distance 4.72990014344
Sec13 rep1_c1 average centroid distance 0.821129116608
Sec13 rep1_c1 centroid index 7
Sec13 rep1_c1 centroid rmf name ('rep1_c1/40.rmf3', 0)
Sec13 rep1_c1 rep1_c1 average pairwise distance 0.987375008629
Nup84 rep1_c1 average centroid distance 0.861635859696
Nup84 rep1_c1 centroid index 4
Nup84 rep1_c1 centroid rmf name ('rep1_c1/27.rmf3', 0)
Nup84 rep1_c1 rep1_c1 average pairwise distance 1.06372187209
Nup85 rep1_c1 average centroid distance 3.33382761846
Nup85 rep1_c1 centroid index 7
Nup85 rep1_c1 centroid rmf name ('rep1_c1/40.rmf3', 0)
Nup85 rep1_c1 rep1_c1 average pairwise distance 4.01302620761
