Nup145c rep2_c0 average centroid distance 1.82944131951
Nup145c rep2_c0 centroid index 5
Nup145c rep2_c0 centroid rmf name ('rep2_c0/31.rmf3', 0)
Nup145c rep2_c0 rep2_c0 average pairwise distance 1.9680434926
All rep2_c0 average centroid distance 10.1509946715
All rep2_c0 centroid index 4
All rep2_c0 centroid rmf name ('rep2_c0/27.rmf3', 0)
All rep2_c0 rep2_c0 average pairwise distance 12.0059189178
Nup120 rep2_c0 average centroid distance 3.16734193495
Nup120 rep2_c0 centroid index 10
Nup120 rep2_c0 centroid rmf name ('rep2_c0/54.rmf3', 0)
Nup120 rep2_c0 rep2_c0 average pairwise distance 3.77512828508
Hub rep2_c0 average centroid distance 5.17593203238
Hub rep2_c0 centroid index 7
Hub rep2_c0 centroid rmf name ('rep2_c0/40.rmf3', 0)
Hub rep2_c0 rep2_c0 average pairwise distance 6.09163907275
Seh1 rep2_c0 average centroid distance 0.487033621782
Seh1 rep2_c0 centroid index 10
Seh1 rep2_c0 centroid rmf name ('rep2_c0/54.rmf3', 0)
Seh1 rep2_c0 rep2_c0 average pairwise distance 0.617667448295
Nup133 rep2_c0 average centroid distance 3.58980417924
Nup133 rep2_c0 centroid index 2
Nup133 rep2_c0 centroid rmf name ('rep2_c0/18.rmf3', 0)
Nup133 rep2_c0 rep2_c0 average pairwise distance 4.27986654763
Sec13 rep2_c0 average centroid distance 0.859802363863
Sec13 rep2_c0 centroid index 5
Sec13 rep2_c0 centroid rmf name ('rep2_c0/31.rmf3', 0)
Sec13 rep2_c0 rep2_c0 average pairwise distance 1.00953266603
Nup84 rep2_c0 average centroid distance 0.98475523416
Nup84 rep2_c0 centroid index 12
Nup84 rep2_c0 centroid rmf name ('rep2_c0/63.rmf3', 0)
Nup84 rep2_c0 rep2_c0 average pairwise distance 1.09957470784
Nup85 rep2_c0 average centroid distance 4.65974923137
Nup85 rep2_c0 centroid index 7
Nup85 rep2_c0 centroid rmf name ('rep2_c0/40.rmf3', 0)
Nup85 rep2_c0 rep2_c0 average pairwise distance 5.47999930978
