Nup145c rep2_c1 average centroid distance 2.22219148476
Nup145c rep2_c1 centroid index 4
Nup145c rep2_c1 centroid rmf name ('rep2_c1/27.rmf3', 0)
Nup145c rep2_c1 rep2_c1 average pairwise distance 2.4730795547
All rep2_c1 average centroid distance 10.7651605523
All rep2_c1 centroid index 4
All rep2_c1 centroid rmf name ('rep2_c1/27.rmf3', 0)
All rep2_c1 rep2_c1 average pairwise distance 12.3131505814
Nup120 rep2_c1 average centroid distance 3.04031978482
Nup120 rep2_c1 centroid index 3
Nup120 rep2_c1 centroid rmf name ('rep2_c1/22.rmf3', 0)
Nup120 rep2_c1 rep2_c1 average pairwise distance 3.69606250302
Hub rep2_c1 average centroid distance 5.38945941787
Hub rep2_c1 centroid index 1
Hub rep2_c1 centroid rmf name ('rep2_c1/13.rmf3', 0)
Hub rep2_c1 rep2_c1 average pairwise distance 5.97793751273
Seh1 rep2_c1 average centroid distance 0.657173783309
Seh1 rep2_c1 centroid index 6
Seh1 rep2_c1 centroid rmf name ('rep2_c1/6.rmf3', 0)
Seh1 rep2_c1 rep2_c1 average pairwise distance 0.779904563448
Nup133 rep2_c1 average centroid distance 5.58955584378
Nup133 rep2_c1 centroid index 6
Nup133 rep2_c1 centroid rmf name ('rep2_c1/6.rmf3', 0)
Nup133 rep2_c1 rep2_c1 average pairwise distance 6.89584007772
Sec13 rep2_c1 average centroid distance 1.02191990729
Sec13 rep2_c1 centroid index 5
Sec13 rep2_c1 centroid rmf name ('rep2_c1/31.rmf3', 0)
Sec13 rep2_c1 rep2_c1 average pairwise distance 1.23451838256
Nup84 rep2_c1 average centroid distance 0.932170876389
Nup84 rep2_c1 centroid index 1
Nup84 rep2_c1 centroid rmf name ('rep2_c1/13.rmf3', 0)
Nup84 rep2_c1 rep2_c1 average pairwise distance 1.0143081022
Nup85 rep2_c1 average centroid distance 2.76843714771
Nup85 rep2_c1 centroid index 4
Nup85 rep2_c1 centroid rmf name ('rep2_c1/27.rmf3', 0)
Nup85 rep2_c1 rep2_c1 average pairwise distance 3.26745707026
