Nup145c rep1_c0 average centroid distance 2.01339446131
Nup145c rep1_c0 centroid index 0
Nup145c rep1_c0 centroid rmf name ('rep1_c0/0.rmf3', 0)
Nup145c rep1_c0 rep1_c0 average pairwise distance 2.45022369775
All rep1_c0 average centroid distance 10.0650563577
All rep1_c0 centroid index 9
All rep1_c0 centroid rmf name ('rep1_c0/5.rmf3', 0)
All rep1_c0 rep1_c0 average pairwise distance 13.3396527511
Nup120 rep1_c0 average centroid distance 3.26452334525
Nup120 rep1_c0 centroid index 7
Nup120 rep1_c0 centroid rmf name ('rep1_c0/40.rmf3', 0)
Nup120 rep1_c0 rep1_c0 average pairwise distance 4.3119608678
Hub rep1_c0 average centroid distance 5.29837243994
Hub rep1_c0 centroid index 0
Hub rep1_c0 centroid rmf name ('rep1_c0/0.rmf3', 0)
Hub rep1_c0 rep1_c0 average pairwise distance 6.56350885773
Seh1 rep1_c0 average centroid distance 0.785068609203
Seh1 rep1_c0 centroid index 0
Seh1 rep1_c0 centroid rmf name ('rep1_c0/0.rmf3', 0)
Seh1 rep1_c0 rep1_c0 average pairwise distance 0.933963235529
Nup133 rep1_c0 average centroid distance 3.5291822517
Nup133 rep1_c0 centroid index 9
Nup133 rep1_c0 centroid rmf name ('rep1_c0/5.rmf3', 0)
Nup133 rep1_c0 rep1_c0 average pairwise distance 4.4785159689
Sec13 rep1_c0 average centroid distance 1.00389958236
Sec13 rep1_c0 centroid index 8
Sec13 rep1_c0 centroid rmf name ('rep1_c0/45.rmf3', 0)
Sec13 rep1_c0 rep1_c0 average pairwise distance 1.13557951778
Nup84 rep1_c0 average centroid distance 0.923973852856
Nup84 rep1_c0 centroid index 10
Nup84 rep1_c0 centroid rmf name ('rep1_c0/54.rmf3', 0)
Nup84 rep1_c0 rep1_c0 average pairwise distance 1.1111976155
Nup85 rep1_c0 average centroid distance 3.13938270284
Nup85 rep1_c0 centroid index 0
Nup85 rep1_c0 centroid rmf name ('rep1_c0/0.rmf3', 0)
Nup85 rep1_c0 rep1_c0 average pairwise distance 3.93199558606
