Nup145c combined_c0 average centroid distance 2.12961514911
Nup145c combined_c0 centroid index 67
Nup145c combined_c0 centroid rmf name ('combined_c0/7.rmf3', 0)
Nup145c combined_c0 combined_c0 average pairwise distance 2.65136155768
All combined_c0 average centroid distance 11.5752137947
All combined_c0 centroid index 28
All combined_c0 centroid rmf name ('combined_c0/34.rmf3', 0)
All combined_c0 combined_c0 average pairwise distance 15.8662056652
Nup120 combined_c0 average centroid distance 3.73357895064
Nup120 combined_c0 centroid index 28
Nup120 combined_c0 centroid rmf name ('combined_c0/34.rmf3', 0)
Nup120 combined_c0 combined_c0 average pairwise distance 4.97086651602
Hub combined_c0 average centroid distance 5.45198200702
Hub combined_c0 centroid index 22
Hub combined_c0 centroid rmf name ('combined_c0/29.rmf3', 0)
Hub combined_c0 combined_c0 average pairwise distance 7.17866073834
Seh1 combined_c0 average centroid distance 0.826471156309
Seh1 combined_c0 centroid index 12
Seh1 combined_c0 centroid rmf name ('combined_c0/2.rmf3', 0)
Seh1 combined_c0 combined_c0 average pairwise distance 1.06653107676
Nup133 combined_c0 average centroid distance 4.0857950046
Nup133 combined_c0 centroid index 14
Nup133 combined_c0 centroid rmf name ('combined_c0/21.rmf3', 0)
Nup133 combined_c0 combined_c0 average pairwise distance 5.73132586683
Sec13 combined_c0 average centroid distance 1.18032250281
Sec13 combined_c0 centroid index 39
Sec13 combined_c0 centroid rmf name ('combined_c0/44.rmf3', 0)
Sec13 combined_c0 combined_c0 average pairwise distance 1.404654102
Nup84 combined_c0 average centroid distance 0.927854095599
Nup84 combined_c0 centroid index 71
Nup84 combined_c0 centroid rmf name ('combined_c0/73.rmf3', 0)
Nup84 combined_c0 combined_c0 average pairwise distance 1.14334368775
Nup85 combined_c0 average centroid distance 3.78296714816
Nup85 combined_c0 centroid index 21
Nup85 combined_c0 centroid rmf name ('combined_c0/28.rmf3', 0)
Nup85 combined_c0 combined_c0 average pairwise distance 4.98729368235
