Nup145c rep0_c1 average centroid distance 1.70261814347
Nup145c rep0_c1 centroid index 6
Nup145c rep0_c1 centroid rmf name ('rep0_c1/6.rmf3', 0)
Nup145c rep0_c1 rep0_c1 average pairwise distance 2.00097126239
All rep0_c1 average centroid distance 10.1825731386
All rep0_c1 centroid index 2
All rep0_c1 centroid rmf name ('rep0_c1/18.rmf3', 0)
All rep0_c1 rep0_c1 average pairwise distance 11.4427346868
Nup120 rep0_c1 average centroid distance 3.1187585236
Nup120 rep0_c1 centroid index 6
Nup120 rep0_c1 centroid rmf name ('rep0_c1/6.rmf3', 0)
Nup120 rep0_c1 rep0_c1 average pairwise distance 3.95803784241
Hub rep0_c1 average centroid distance 4.26583678763
Hub rep0_c1 centroid index 3
Hub rep0_c1 centroid rmf name ('rep0_c1/22.rmf3', 0)
Hub rep0_c1 rep0_c1 average pairwise distance 4.92883931119
Seh1 rep0_c1 average centroid distance 0.923900377688
Seh1 rep0_c1 centroid index 3
Seh1 rep0_c1 centroid rmf name ('rep0_c1/22.rmf3', 0)
Seh1 rep0_c1 rep0_c1 average pairwise distance 1.03921272954
Nup133 rep0_c1 average centroid distance 2.75992760475
Nup133 rep0_c1 centroid index 6
Nup133 rep0_c1 centroid rmf name ('rep0_c1/6.rmf3', 0)
Nup133 rep0_c1 rep0_c1 average pairwise distance 3.27330428598
Sec13 rep0_c1 average centroid distance 0.849449657568
Sec13 rep0_c1 centroid index 1
Sec13 rep0_c1 centroid rmf name ('rep0_c1/13.rmf3', 0)
Sec13 rep0_c1 rep0_c1 average pairwise distance 0.979888826747
Nup84 rep0_c1 average centroid distance 0.901745896555
Nup84 rep0_c1 centroid index 6
Nup84 rep0_c1 centroid rmf name ('rep0_c1/6.rmf3', 0)
Nup84 rep0_c1 rep0_c1 average pairwise distance 1.05239985573
Nup85 rep0_c1 average centroid distance 2.37366742282
Nup85 rep0_c1 centroid index 4
Nup85 rep0_c1 centroid rmf name ('rep0_c1/27.rmf3', 0)
Nup85 rep0_c1 rep0_c1 average pairwise distance 2.75110892508
